<?xml version="1.0" encoding="UTF-8"?>
<coverage generated="1747052214579" clover="3.2.0">
  <project timestamp="1747052214579" name="All files">
    <metrics statements="112" coveredstatements="96" conditionals="39" coveredconditionals="22" methods="21" coveredmethods="20" elements="172" coveredelements="138" complexity="0" loc="112" ncloc="112" packages="2" files="3" classes="3"/>
    <package name="services">
      <metrics statements="87" coveredstatements="72" conditionals="33" coveredconditionals="18" methods="15" coveredmethods="14"/>
      <file name="rpcService.ts" path="/Users/tomelia/myProjects/lava-network-RPC/lava-rpc-monitor/packages/backend/src/services/rpcService.ts">
        <metrics statements="41" coveredstatements="31" conditionals="25" coveredconditionals="12" methods="3" coveredmethods="3"/>
        <line num="1" count="1" type="stmt"/>
        <line num="12" count="1" type="stmt"/>
        <line num="14" count="1" type="stmt"/>
        <line num="16" count="1" type="stmt"/>
        <line num="28" count="11" type="stmt"/>
        <line num="30" count="11" type="stmt"/>
        <line num="37" count="11" type="stmt"/>
        <line num="38" count="11" type="stmt"/>
        <line num="43" count="11" type="stmt"/>
        <line num="44" count="11" type="stmt"/>
        <line num="53" count="8" type="stmt"/>
        <line num="54" count="8" type="stmt"/>
        <line num="56" count="8" type="stmt"/>
        <line num="57" count="8" type="cond" truecount="5" falsecount="0"/>
        <line num="58" count="5" type="stmt"/>
        <line num="59" count="5" type="stmt"/>
        <line num="60" count="3" type="cond" truecount="5" falsecount="0"/>
        <line num="61" count="2" type="stmt"/>
        <line num="62" count="2" type="stmt"/>
        <line num="65" count="1" type="stmt"/>
        <line num="66" count="1" type="stmt"/>
        <line num="69" count="3" type="stmt"/>
        <line num="70" count="3" type="stmt"/>
        <line num="71" count="3" type="cond" truecount="1" falsecount="1"/>
        <line num="72" count="0" type="stmt"/>
        <line num="73" count="0" type="stmt"/>
        <line num="74" count="0" type="stmt"/>
        <line num="76" count="0" type="cond" truecount="0" falsecount="5"/>
        <line num="79" count="0" type="stmt"/>
        <line num="80" count="0" type="cond" truecount="0" falsecount="6"/>
        <line num="83" count="0" type="stmt"/>
        <line num="85" count="0" type="stmt"/>
        <line num="88" count="0" type="stmt"/>
        <line num="90" count="3" type="cond" truecount="1" falsecount="1"/>
        <line num="91" count="3" type="stmt"/>
        <line num="93" count="0" type="stmt"/>
        <line num="96" count="11" type="stmt"/>
        <line num="102" count="1" type="stmt"/>
        <line num="103" count="8" type="stmt"/>
        <line num="112" count="1" type="stmt"/>
        <line num="113" count="3" type="stmt"/>
      </file>
      <file name="websocketService.ts" path="/Users/tomelia/myProjects/lava-network-RPC/lava-rpc-monitor/packages/backend/src/services/websocketService.ts">
        <metrics statements="46" coveredstatements="41" conditionals="8" coveredconditionals="6" methods="12" coveredmethods="11"/>
        <line num="1" count="1" type="stmt"/>
        <line num="3" count="1" type="stmt"/>
        <line num="5" count="1" type="stmt"/>
        <line num="6" count="1" type="stmt"/>
        <line num="12" count="1" type="cond" truecount="1" falsecount="0"/>
        <line num="13" count="17" type="cond" truecount="1" falsecount="0"/>
        <line num="14" count="1" type="stmt"/>
        <line num="15" count="1" type="stmt"/>
        <line num="18" count="16" type="stmt"/>
        <line num="20" count="16" type="stmt"/>
        <line num="21" count="1" type="stmt"/>
        <line num="24" count="16" type="stmt"/>
        <line num="25" count="15" type="stmt"/>
        <line num="28" count="15" type="stmt"/>
        <line num="29" count="15" type="stmt"/>
        <line num="30" count="15" type="stmt"/>
        <line num="32" count="2" type="stmt"/>
        <line num="35" count="15" type="stmt"/>
        <line num="37" count="1" type="stmt"/>
        <line num="41" count="15" type="stmt"/>
        <line num="42" count="1" type="stmt"/>
        <line num="45" count="15" type="stmt"/>
        <line num="46" count="1" type="stmt"/>
        <line num="50" count="16" type="stmt"/>
        <line num="51" count="1" type="stmt"/>
        <line num="52" count="1" type="stmt"/>
        <line num="60" count="1" type="stmt"/>
        <line num="61" count="3" type="cond" truecount="1" falsecount="0"/>
        <line num="63" count="1" type="stmt"/>
        <line num="66" count="2" type="stmt"/>
        <line num="67" count="2" type="stmt"/>
        <line num="68" count="6" type="cond" truecount="0" falsecount="1"/>
        <line num="69" count="0" type="stmt"/>
        <line num="70" count="0" type="stmt"/>
        <line num="72" count="0" type="stmt"/>
        <line num="81" count="1" type="stmt"/>
        <line num="82" count="40" type="cond" truecount="2" falsecount="0"/>
        <line num="83" count="15" type="stmt"/>
        <line num="84" count="15" type="cond" truecount="1" falsecount="0"/>
        <line num="85" count="1" type="stmt"/>
        <line num="87" count="15" type="stmt"/>
        <line num="88" count="15" type="stmt"/>
        <line num="91" count="15" type="stmt"/>
        <line num="92" count="0" type="cond" truecount="0" falsecount="1"/>
        <line num="93" count="0" type="stmt"/>
        <line num="97" count="25" type="stmt"/>
      </file>
    </package>
    <package name="utils">
      <metrics statements="25" coveredstatements="24" conditionals="6" coveredconditionals="4" methods="6" coveredmethods="6"/>
      <file name="rateLimiter.ts" path="/Users/tomelia/myProjects/lava-network-RPC/lava-rpc-monitor/packages/backend/src/utils/rateLimiter.ts">
        <metrics statements="25" coveredstatements="24" conditionals="6" coveredconditionals="4" methods="6" coveredmethods="6"/>
        <line num="1" count="2" type="stmt"/>
        <line num="2" count="2" type="stmt"/>
        <line num="4" count="2" type="stmt"/>
        <line num="12" count="1529" type="stmt"/>
        <line num="15" count="1529" type="cond" truecount="2" falsecount="0"/>
        <line num="16" count="1200" type="stmt"/>
        <line num="20" count="1529" type="cond" truecount="1" falsecount="0"/>
        <line num="21" count="1517" type="stmt"/>
        <line num="22" count="1517" type="stmt"/>
        <line num="25" count="12" type="stmt"/>
        <line num="34" count="2" type="cond" truecount="0" falsecount="1"/>
        <line num="35" count="1517" type="stmt"/>
        <line num="36" count="1517" type="stmt"/>
        <line num="37" count="12" type="cond" truecount="0" falsecount="1"/>
        <line num="38" count="0" type="stmt"/>
        <line num="43" count="12" type="stmt"/>
        <line num="44" count="12" type="cond" truecount="1" falsecount="0"/>
        <line num="45" count="12" type="stmt"/>
        <line num="46" count="12" type="stmt"/>
        <line num="48" count="12" type="stmt"/>
        <line num="56" count="2" type="stmt"/>
        <line num="57" count="619" type="stmt"/>
        <line num="59" count="136094" type="stmt"/>
        <line num="65" count="2" type="stmt"/>
        <line num="66" count="14" type="stmt"/>
      </file>
    </package>
  </project>
</coverage>
