{"/Users/tomelia/myProjects/lava-network-RPC/lava-rpc-monitor/packages/backend/src/services/rpcService.ts": {"path":"/Users/tomelia/myProjects/lava-network-RPC/lava-rpc-monitor/packages/backend/src/services/rpcService.ts","statementMap":{"0":{"start":{"line":102,"column":0},"end":{"line":102,"column":7}},"1":{"start":{"line":112,"column":0},"end":{"line":112,"column":7}},"2":{"start":{"line":1,"column":0},"end":{"line":1,"column":42}},"3":{"start":{"line":12,"column":0},"end":{"line":12,"column":66}},"4":{"start":{"line":14,"column":26},"end":{"line":14,"column":51}},"5":{"start":{"line":16,"column":16},"end":{"line":16,"column":17}},"6":{"start":{"line":28,"column":2},"end":{"line":28,"column":37}},"7":{"start":{"line":30,"column":47},"end":{"line":35,"column":4}},"8":{"start":{"line":37,"column":20},"end":{"line":37,"column":30}},"9":{"start":{"line":38,"column":43},"end":{"line":41,"column":4}},"10":{"start":{"line":43,"column":2},"end":{"line":95,"column":3}},"11":{"start":{"line":44,"column":21},"end":{"line":50,"column":null}},"12":{"start":{"line":53,"column":4},"end":{"line":53,"column":36}},"13":{"start":{"line":54,"column":4},"end":{"line":54,"column":44}},"14":{"start":{"line":56,"column":25},"end":{"line":56,"column":38}},"15":{"start":{"line":57,"column":4},"end":{"line":67,"column":5}},"16":{"start":{"line":58,"column":6},"end":{"line":58,"column":34}},"17":{"start":{"line":59,"column":6},"end":{"line":59,"column":46}},"18":{"start":{"line":60,"column":11},"end":{"line":67,"column":5}},"19":{"start":{"line":61,"column":6},"end":{"line":61,"column":35}},"20":{"start":{"line":62,"column":6},"end":{"line":62,"column":44}},"21":{"start":{"line":65,"column":6},"end":{"line":65,"column":35}},"22":{"start":{"line":66,"column":6},"end":{"line":66,"column":76}},"23":{"start":{"line":69,"column":4},"end":{"line":69,"column":36}},"24":{"start":{"line":70,"column":4},"end":{"line":70,"column":33}},"25":{"start":{"line":71,"column":4},"end":{"line":94,"column":5}},"26":{"start":{"line":72,"column":25},"end":{"line":72,"column":44}},"27":{"start":{"line":73,"column":6},"end":{"line":73,"column":58}},"28":{"start":{"line":74,"column":32},"end":{"line":74,"column":57}},"29":{"start":{"line":76,"column":6},"end":{"line":89,"column":7}},"30":{"start":{"line":79,"column":33},"end":{"line":79,"column":64}},"31":{"start":{"line":80,"column":12},"end":{"line":86,"column":13}},"32":{"start":{"line":83,"column":14},"end":{"line":83,"column":45}},"33":{"start":{"line":85,"column":14},"end":{"line":85,"column":65}},"34":{"start":{"line":88,"column":8},"end":{"line":88,"column":59}},"35":{"start":{"line":90,"column":11},"end":{"line":94,"column":5}},"36":{"start":{"line":91,"column":6},"end":{"line":91,"column":52}},"37":{"start":{"line":93,"column":6},"end":{"line":93,"column":66}},"38":{"start":{"line":96,"column":2},"end":{"line":96,"column":37}},"39":{"start":{"line":103,"column":2},"end":{"line":106,"column":4}},"40":{"start":{"line":113,"column":2},"end":{"line":116,"column":4}}},"fnMap":{"0":{"name":"sendJsonRpcRequest","decl":{"start":{"line":24,"column":15},"end":{"line":24,"column":33}},"loc":{"start":{"line":26,"column":17},"end":{"line":97,"column":1}}},"1":{"name":"getBlockNumber","decl":{"start":{"line":102,"column":22},"end":{"line":102,"column":36}},"loc":{"start":{"line":102,"column":36},"end":{"line":107,"column":1}}},"2":{"name":"getChainId","decl":{"start":{"line":112,"column":22},"end":{"line":112,"column":32}},"loc":{"start":{"line":112,"column":32},"end":{"line":117,"column":1}}}},"branchMap":{"0":{"loc":{"start":{"line":57,"column":4},"end":{"line":67,"column":5}},"type":"if","locations":[{"start":{"line":57,"column":4},"end":{"line":67,"column":5}},{"start":{"line":60,"column":11},"end":{"line":67,"column":5}}]},"1":{"loc":{"start":{"line":57,"column":8},"end":{"line":57,"column":85}},"type":"binary-expr","locations":[{"start":{"line":57,"column":8},"end":{"line":57,"column":20}},{"start":{"line":57,"column":24},"end":{"line":57,"column":48}},{"start":{"line":57,"column":52},"end":{"line":57,"column":85}}]},"2":{"loc":{"start":{"line":60,"column":11},"end":{"line":67,"column":5}},"type":"if","locations":[{"start":{"line":60,"column":11},"end":{"line":67,"column":5}},{"start":{"line":63,"column":11},"end":{"line":67,"column":5}}]},"3":{"loc":{"start":{"line":60,"column":15},"end":{"line":60,"column":76}},"type":"binary-expr","locations":[{"start":{"line":60,"column":15},"end":{"line":60,"column":27}},{"start":{"line":60,"column":31},"end":{"line":60,"column":54}},{"start":{"line":60,"column":58},"end":{"line":60,"column":76}}]},"4":{"loc":{"start":{"line":71,"column":4},"end":{"line":94,"column":5}},"type":"if","locations":[{"start":{"line":71,"column":4},"end":{"line":94,"column":5}},{"start":{"line":90,"column":11},"end":{"line":94,"column":5}}]},"5":{"loc":{"start":{"line":76,"column":6},"end":{"line":89,"column":7}},"type":"if","locations":[{"start":{"line":76,"column":6},"end":{"line":89,"column":7}},{"start":{"line":87,"column":13},"end":{"line":89,"column":7}}]},"6":{"loc":{"start":{"line":76,"column":10},"end":{"line":78,"column":38}},"type":"binary-expr","locations":[{"start":{"line":76,"column":10},"end":{"line":76,"column":27}},{"start":{"line":77,"column":10},"end":{"line":77,"column":47}},{"start":{"line":78,"column":10},"end":{"line":78,"column":38}}]},"7":{"loc":{"start":{"line":80,"column":12},"end":{"line":86,"column":13}},"type":"if","locations":[{"start":{"line":80,"column":12},"end":{"line":86,"column":13}},{"start":{"line":84,"column":19},"end":{"line":86,"column":13}}]},"8":{"loc":{"start":{"line":80,"column":16},"end":{"line":82,"column":67}},"type":"binary-expr","locations":[{"start":{"line":80,"column":16},"end":{"line":80,"column":27}},{"start":{"line":81,"column":16},"end":{"line":81,"column":47}},{"start":{"line":82,"column":17},"end":{"line":82,"column":41}},{"start":{"line":82,"column":45},"end":{"line":82,"column":66}}]},"9":{"loc":{"start":{"line":90,"column":11},"end":{"line":94,"column":5}},"type":"if","locations":[{"start":{"line":90,"column":11},"end":{"line":94,"column":5}},{"start":{"line":92,"column":11},"end":{"line":94,"column":5}}]}},"s":{"0":1,"1":1,"2":1,"3":1,"4":1,"5":1,"6":11,"7":11,"8":11,"9":11,"10":11,"11":11,"12":8,"13":8,"14":8,"15":8,"16":5,"17":5,"18":3,"19":2,"20":2,"21":1,"22":1,"23":3,"24":3,"25":3,"26":0,"27":0,"28":0,"29":0,"30":0,"31":0,"32":0,"33":0,"34":0,"35":3,"36":3,"37":0,"38":11,"39":8,"40":3},"f":{"0":11,"1":8,"2":3},"b":{"0":[5,3],"1":[8,8,5],"2":[2,1],"3":[3,3,2],"4":[0,3],"5":[0,0],"6":[0,0,0],"7":[0,0],"8":[0,0,0,0],"9":[3,0]}}
,"/Users/tomelia/myProjects/lava-network-RPC/lava-rpc-monitor/packages/backend/src/services/websocketService.ts": {"path":"/Users/tomelia/myProjects/lava-network-RPC/lava-rpc-monitor/packages/backend/src/services/websocketService.ts","statementMap":{"0":{"start":{"line":12,"column":0},"end":{"line":12,"column":16}},"1":{"start":{"line":60,"column":0},"end":{"line":60,"column":16}},"2":{"start":{"line":81,"column":0},"end":{"line":81,"column":16}},"3":{"start":{"line":1,"column":0},"end":{"line":1,"column":48}},"4":{"start":{"line":3,"column":0},"end":{"line":3,"column":52}},"5":{"start":{"line":5,"column":21},"end":{"line":5,"column":25}},"6":{"start":{"line":6,"column":34},"end":{"line":6,"column":38}},"7":{"start":{"line":13,"column":2},"end":{"line":16,"column":3}},"8":{"start":{"line":14,"column":4},"end":{"line":14,"column":56}},"9":{"start":{"line":15,"column":4},"end":{"line":15,"column":11}},"10":{"start":{"line":18,"column":2},"end":{"line":18,"column":38}},"11":{"start":{"line":20,"column":2},"end":{"line":22,"column":5}},"12":{"start":{"line":21,"column":4},"end":{"line":21,"column":73}},"13":{"start":{"line":24,"column":2},"end":{"line":48,"column":5}},"14":{"start":{"line":25,"column":4},"end":{"line":25,"column":47}},"15":{"start":{"line":28,"column":4},"end":{"line":33,"column":5}},"16":{"start":{"line":29,"column":29},"end":{"line":29,"column":47}},"17":{"start":{"line":30,"column":6},"end":{"line":30,"column":46}},"18":{"start":{"line":32,"column":6},"end":{"line":32,"column":82}},"19":{"start":{"line":35,"column":4},"end":{"line":39,"column":7}},"20":{"start":{"line":37,"column":6},"end":{"line":37,"column":76}},"21":{"start":{"line":41,"column":4},"end":{"line":43,"column":7}},"22":{"start":{"line":42,"column":6},"end":{"line":42,"column":52}},"23":{"start":{"line":45,"column":4},"end":{"line":47,"column":7}},"24":{"start":{"line":46,"column":6},"end":{"line":46,"column":54}},"25":{"start":{"line":50,"column":2},"end":{"line":53,"column":5}},"26":{"start":{"line":51,"column":4},"end":{"line":51,"column":51}},"27":{"start":{"line":52,"column":4},"end":{"line":52,"column":15}},"28":{"start":{"line":61,"column":2},"end":{"line":64,"column":3}},"29":{"start":{"line":63,"column":4},"end":{"line":63,"column":11}},"30":{"start":{"line":66,"column":19},"end":{"line":66,"column":39}},"31":{"start":{"line":67,"column":2},"end":{"line":75,"column":5}},"32":{"start":{"line":68,"column":4},"end":{"line":74,"column":5}},"33":{"start":{"line":69,"column":6},"end":{"line":73,"column":7}},"34":{"start":{"line":70,"column":8},"end":{"line":70,"column":30}},"35":{"start":{"line":72,"column":8},"end":{"line":72,"column":83}},"36":{"start":{"line":82,"column":2},"end":{"line":98,"column":3}},"37":{"start":{"line":83,"column":4},"end":{"line":89,"column":7}},"38":{"start":{"line":84,"column":6},"end":{"line":86,"column":7}},"39":{"start":{"line":85,"column":8},"end":{"line":85,"column":67}},"40":{"start":{"line":87,"column":6},"end":{"line":87,"column":46}},"41":{"start":{"line":88,"column":6},"end":{"line":88,"column":17}},"42":{"start":{"line":91,"column":4},"end":{"line":95,"column":7}},"43":{"start":{"line":92,"column":8},"end":{"line":94,"column":9}},"44":{"start":{"line":93,"column":12},"end":{"line":93,"column":31}},"45":{"start":{"line":97,"column":4},"end":{"line":97,"column":52}}},"fnMap":{"0":{"name":"startWebSocketServer","decl":{"start":{"line":12,"column":16},"end":{"line":12,"column":36}},"loc":{"start":{"line":12,"column":64},"end":{"line":54,"column":1}}},"1":{"name":"(anonymous_10)","decl":{"start":{"line":20,"column":22},"end":{"line":20,"column":25}},"loc":{"start":{"line":20,"column":27},"end":{"line":22,"column":3}}},"2":{"name":"(anonymous_11)","decl":{"start":{"line":24,"column":23},"end":{"line":24,"column":24}},"loc":{"start":{"line":24,"column":41},"end":{"line":48,"column":3}}},"3":{"name":"(anonymous_12)","decl":{"start":{"line":35,"column":21},"end":{"line":35,"column":22}},"loc":{"start":{"line":35,"column":52},"end":{"line":39,"column":5}}},"4":{"name":"(anonymous_13)","decl":{"start":{"line":41,"column":19},"end":{"line":41,"column":22}},"loc":{"start":{"line":41,"column":24},"end":{"line":43,"column":5}}},"5":{"name":"(anonymous_14)","decl":{"start":{"line":45,"column":19},"end":{"line":45,"column":20}},"loc":{"start":{"line":45,"column":36},"end":{"line":47,"column":5}}},"6":{"name":"(anonymous_15)","decl":{"start":{"line":50,"column":18},"end":{"line":50,"column":19}},"loc":{"start":{"line":50,"column":35},"end":{"line":53,"column":3}}},"7":{"name":"broadcastMetrics","decl":{"start":{"line":60,"column":16},"end":{"line":60,"column":32}},"loc":{"start":{"line":60,"column":49},"end":{"line":76,"column":1}}},"8":{"name":"(anonymous_17)","decl":{"start":{"line":67,"column":22},"end":{"line":67,"column":23}},"loc":{"start":{"line":67,"column":44},"end":{"line":75,"column":3}}},"9":{"name":"stopWebSocketServer","decl":{"start":{"line":81,"column":16},"end":{"line":81,"column":35}},"loc":{"start":{"line":81,"column":35},"end":{"line":99,"column":1}}},"10":{"name":"(anonymous_19)","decl":{"start":{"line":83,"column":14},"end":{"line":83,"column":15}},"loc":{"start":{"line":83,"column":22},"end":{"line":89,"column":5}}},"11":{"name":"(anonymous_20)","decl":{"start":{"line":91,"column":24},"end":{"line":91,"column":30}},"loc":{"start":{"line":91,"column":33},"end":{"line":95,"column":5}}}},"branchMap":{"0":{"loc":{"start":{"line":12,"column":37},"end":{"line":12,"column":64}},"type":"default-arg","locations":[{"start":{"line":12,"column":52},"end":{"line":12,"column":64}}]},"1":{"loc":{"start":{"line":13,"column":2},"end":{"line":16,"column":3}},"type":"if","locations":[{"start":{"line":13,"column":2},"end":{"line":16,"column":3}}]},"2":{"loc":{"start":{"line":61,"column":2},"end":{"line":64,"column":3}},"type":"if","locations":[{"start":{"line":61,"column":2},"end":{"line":64,"column":3}}]},"3":{"loc":{"start":{"line":68,"column":4},"end":{"line":74,"column":5}},"type":"if","locations":[{"start":{"line":68,"column":4},"end":{"line":74,"column":5}}]},"4":{"loc":{"start":{"line":82,"column":2},"end":{"line":98,"column":3}},"type":"if","locations":[{"start":{"line":82,"column":2},"end":{"line":98,"column":3}},{"start":{"line":96,"column":9},"end":{"line":98,"column":3}}]},"5":{"loc":{"start":{"line":84,"column":6},"end":{"line":86,"column":7}},"type":"if","locations":[{"start":{"line":84,"column":6},"end":{"line":86,"column":7}}]},"6":{"loc":{"start":{"line":92,"column":8},"end":{"line":94,"column":9}},"type":"if","locations":[{"start":{"line":92,"column":8},"end":{"line":94,"column":9}}]}},"s":{"0":1,"1":1,"2":1,"3":1,"4":1,"5":1,"6":1,"7":17,"8":1,"9":1,"10":16,"11":16,"12":1,"13":16,"14":15,"15":15,"16":15,"17":15,"18":2,"19":15,"20":1,"21":15,"22":1,"23":15,"24":1,"25":16,"26":1,"27":1,"28":3,"29":1,"30":2,"31":2,"32":6,"33":0,"34":0,"35":0,"36":40,"37":15,"38":15,"39":1,"40":15,"41":15,"42":15,"43":0,"44":0,"45":25},"f":{"0":17,"1":1,"2":15,"3":1,"4":1,"5":1,"6":1,"7":3,"8":6,"9":40,"10":15,"11":0},"b":{"0":[16],"1":[1],"2":[1],"3":[0],"4":[15,25],"5":[1],"6":[0]}}
,"/Users/tomelia/myProjects/lava-network-RPC/lava-rpc-monitor/packages/backend/src/utils/rateLimiter.ts": {"path":"/Users/tomelia/myProjects/lava-network-RPC/lava-rpc-monitor/packages/backend/src/utils/rateLimiter.ts","statementMap":{"0":{"start":{"line":34,"column":0},"end":{"line":34,"column":7}},"1":{"start":{"line":56,"column":0},"end":{"line":56,"column":16}},"2":{"start":{"line":65,"column":0},"end":{"line":65,"column":16}},"3":{"start":{"line":1,"column":21},"end":{"line":1,"column":24}},"4":{"start":{"line":2,"column":18},"end":{"line":2,"column":27}},"5":{"start":{"line":4,"column":36},"end":{"line":4,"column":38}},"6":{"start":{"line":12,"column":14},"end":{"line":12,"column":24}},"7":{"start":{"line":15,"column":2},"end":{"line":17,"column":3}},"8":{"start":{"line":16,"column":4},"end":{"line":16,"column":30}},"9":{"start":{"line":20,"column":2},"end":{"line":23,"column":3}},"10":{"start":{"line":21,"column":4},"end":{"line":21,"column":32}},"11":{"start":{"line":22,"column":4},"end":{"line":22,"column":16}},"12":{"start":{"line":25,"column":2},"end":{"line":25,"column":15}},"13":{"start":{"line":35,"column":20},"end":{"line":35,"column":30}},"14":{"start":{"line":36,"column":2},"end":{"line":49,"column":3}},"15":{"start":{"line":37,"column":4},"end":{"line":41,"column":5}},"16":{"start":{"line":38,"column":6},"end":{"line":40,"column":8}},"17":{"start":{"line":43,"column":16},"end":{"line":43,"column":19}},"18":{"start":{"line":44,"column":4},"end":{"line":47,"column":5}},"19":{"start":{"line":45,"column":32},"end":{"line":45,"column":84}},"20":{"start":{"line":46,"column":6},"end":{"line":46,"column":47}},"21":{"start":{"line":48,"column":4},"end":{"line":48,"column":61}},"22":{"start":{"line":48,"column":33},"end":{"line":48,"column":59}},"23":{"start":{"line":57,"column":14},"end":{"line":57,"column":24}},"24":{"start":{"line":59,"column":2},"end":{"line":59,"column":69}},"25":{"start":{"line":59,"column":40},"end":{"line":59,"column":60}},"26":{"start":{"line":66,"column":2},"end":{"line":66,"column":31}}},"fnMap":{"0":{"name":"isRequestAllowed","decl":{"start":{"line":11,"column":9},"end":{"line":11,"column":25}},"loc":{"start":{"line":11,"column":25},"end":{"line":26,"column":1}}},"1":{"name":"waitForRateLimitPermission","decl":{"start":{"line":34,"column":22},"end":{"line":34,"column":48}},"loc":{"start":{"line":34,"column":86},"end":{"line":50,"column":1}}},"2":{"name":"(anonymous_2)","decl":{"start":{"line":48,"column":22},"end":{"line":48,"column":29}},"loc":{"start":{"line":48,"column":33},"end":{"line":48,"column":59}}},"3":{"name":"getCurrentRequestCount","decl":{"start":{"line":56,"column":16},"end":{"line":56,"column":38}},"loc":{"start":{"line":56,"column":38},"end":{"line":60,"column":1}}},"4":{"name":"(anonymous_4)","decl":{"start":{"line":59,"column":34},"end":{"line":59,"column":36}},"loc":{"start":{"line":59,"column":40},"end":{"line":59,"column":60}}},"5":{"name":"resetRateLimiterState","decl":{"start":{"line":65,"column":16},"end":{"line":65,"column":37}},"loc":{"start":{"line":65,"column":37},"end":{"line":67,"column":1}}}},"branchMap":{"0":{"loc":{"start":{"line":15,"column":9},"end":{"line":15,"column":80}},"type":"binary-expr","locations":[{"start":{"line":15,"column":9},"end":{"line":15,"column":37}},{"start":{"line":15,"column":41},"end":{"line":15,"column":80}}]},"1":{"loc":{"start":{"line":20,"column":2},"end":{"line":23,"column":3}},"type":"if","locations":[{"start":{"line":20,"column":2},"end":{"line":23,"column":3}}]},"2":{"loc":{"start":{"line":34,"column":49},"end":{"line":34,"column":86}},"type":"default-arg","locations":[{"start":{"line":34,"column":73},"end":{"line":34,"column":86}}]},"3":{"loc":{"start":{"line":37,"column":4},"end":{"line":41,"column":5}},"type":"if","locations":[{"start":{"line":37,"column":4},"end":{"line":41,"column":5}}]},"4":{"loc":{"start":{"line":44,"column":4},"end":{"line":47,"column":5}},"type":"if","locations":[{"start":{"line":44,"column":4},"end":{"line":47,"column":5}}]}},"s":{"0":2,"1":2,"2":2,"3":2,"4":2,"5":2,"6":1529,"7":1529,"8":1200,"9":1529,"10":1517,"11":1517,"12":12,"13":1517,"14":1517,"15":12,"16":0,"17":12,"18":12,"19":12,"20":12,"21":12,"22":12,"23":619,"24":619,"25":136094,"26":14},"f":{"0":1529,"1":1517,"2":12,"3":619,"4":136094,"5":14},"b":{"0":[2729,2717],"1":[1517],"2":[0],"3":[0],"4":[12]}}
}
