TN:
SF:src/services/rpcService.ts
FN:24,sendJsonRpcRequest
FN:102,getBlockNumber
FN:112,getChainId
FNF:3
FNH:3
FNDA:11,sendJsonRpcRequest
FNDA:8,getBlockNumber
FNDA:3,getChainId
DA:1,1
DA:12,1
DA:14,1
DA:16,1
DA:28,11
DA:30,11
DA:37,11
DA:38,11
DA:43,11
DA:44,11
DA:53,8
DA:54,8
DA:56,8
DA:57,8
DA:58,5
DA:59,5
DA:60,3
DA:61,2
DA:62,2
DA:65,1
DA:66,1
DA:69,3
DA:70,3
DA:71,3
DA:72,0
DA:73,0
DA:74,0
DA:76,0
DA:79,0
DA:80,0
DA:83,0
DA:85,0
DA:88,0
DA:90,3
DA:91,3
DA:93,0
DA:96,11
DA:102,1
DA:103,8
DA:112,1
DA:113,3
LF:41
LH:31
BRDA:57,0,0,5
BRDA:57,0,1,3
BRDA:57,1,0,8
BRDA:57,1,1,8
BRDA:57,1,2,5
BRDA:60,2,0,2
BRDA:60,2,1,1
BRDA:60,3,0,3
BRDA:60,3,1,3
BRDA:60,3,2,2
BRDA:71,4,0,0
BRDA:71,4,1,3
BRDA:76,5,0,0
BRDA:76,5,1,0
BRDA:76,6,0,0
BRDA:76,6,1,0
BRDA:76,6,2,0
BRDA:80,7,0,0
BRDA:80,7,1,0
BRDA:80,8,0,0
BRDA:80,8,1,0
BRDA:80,8,2,0
BRDA:80,8,3,0
BRDA:90,9,0,3
BRDA:90,9,1,0
BRF:25
BRH:12
end_of_record
TN:
SF:src/services/websocketService.ts
FN:12,startWebSocketServer
FN:20,(anonymous_10)
FN:24,(anonymous_11)
FN:35,(anonymous_12)
FN:41,(anonymous_13)
FN:45,(anonymous_14)
FN:50,(anonymous_15)
FN:60,broadcastMetrics
FN:67,(anonymous_17)
FN:81,stopWebSocketServer
FN:83,(anonymous_19)
FN:91,(anonymous_20)
FNF:12
FNH:11
FNDA:17,startWebSocketServer
FNDA:1,(anonymous_10)
FNDA:15,(anonymous_11)
FNDA:1,(anonymous_12)
FNDA:1,(anonymous_13)
FNDA:1,(anonymous_14)
FNDA:1,(anonymous_15)
FNDA:3,broadcastMetrics
FNDA:6,(anonymous_17)
FNDA:40,stopWebSocketServer
FNDA:15,(anonymous_19)
FNDA:0,(anonymous_20)
DA:1,1
DA:3,1
DA:5,1
DA:6,1
DA:12,1
DA:13,17
DA:14,1
DA:15,1
DA:18,16
DA:20,16
DA:21,1
DA:24,16
DA:25,15
DA:28,15
DA:29,15
DA:30,15
DA:32,2
DA:35,15
DA:37,1
DA:41,15
DA:42,1
DA:45,15
DA:46,1
DA:50,16
DA:51,1
DA:52,1
DA:60,1
DA:61,3
DA:63,1
DA:66,2
DA:67,2
DA:68,6
DA:69,0
DA:70,0
DA:72,0
DA:81,1
DA:82,40
DA:83,15
DA:84,15
DA:85,1
DA:87,15
DA:88,15
DA:91,15
DA:92,0
DA:93,0
DA:97,25
LF:46
LH:41
BRDA:12,0,0,16
BRDA:13,1,0,1
BRDA:61,2,0,1
BRDA:68,3,0,0
BRDA:82,4,0,15
BRDA:82,4,1,25
BRDA:84,5,0,1
BRDA:92,6,0,0
BRF:8
BRH:6
end_of_record
TN:
SF:src/utils/rateLimiter.ts
FN:11,isRequestAllowed
FN:34,waitForRateLimitPermission
FN:48,(anonymous_2)
FN:56,getCurrentRequestCount
FN:59,(anonymous_4)
FN:65,resetRateLimiterState
FNF:6
FNH:6
FNDA:1529,isRequestAllowed
FNDA:1517,waitForRateLimitPermission
FNDA:12,(anonymous_2)
FNDA:619,getCurrentRequestCount
FNDA:136094,(anonymous_4)
FNDA:14,resetRateLimiterState
DA:1,2
DA:2,2
DA:4,2
DA:12,1529
DA:15,1529
DA:16,1200
DA:20,1529
DA:21,1517
DA:22,1517
DA:25,12
DA:34,2
DA:35,1517
DA:36,1517
DA:37,12
DA:38,0
DA:43,12
DA:44,12
DA:45,12
DA:46,12
DA:48,12
DA:56,2
DA:57,619
DA:59,136094
DA:65,2
DA:66,14
LF:25
LH:24
BRDA:15,0,0,2729
BRDA:15,0,1,2717
BRDA:20,1,0,1517
BRDA:34,2,0,0
BRDA:37,3,0,0
BRDA:44,4,0,12
BRF:6
BRH:4
end_of_record
